# JRE version: Java(TM) SE Runtime Environment (17.0.12+8) (build 17.0.12+8-LTS-286)
# Java VM: Java HotSpot(TM) 64-Bit Server VM (17.0.12+8-LTS-286, mixed mode, sharing, tiered, compressed oops, compressed class ptrs, g1 gc, windows-amd64)
GC Precious Log:
 CPUs: 4 total, 4 available
 Memory: 8071M
 Large Page Support: Disabled
 NUMA Support: Disabled
 Compressed Oops: Enabled (Zero based)
 Heap Region Size: 2M
 Heap Min Capacity: 8M
 Heap Initial Capacity: 128M
 Heap Max Capacity: 4G
 Pre-touch: Disabled
 Parallel Workers: 4
 Concurrent Workers: 1
 Concurrent Refinement Workers: 4
 Periodic GC: Disabled
Heap:
 garbage-first heap   total 319488K, used 214313K [0x0000000700000000, 0x0000000800000000)
  region size 2048K, 18 young (36864K), 2 survivors (4096K)
 Metaspace       used 96154K, committed 97280K, reserved 1179648K
  class space    used 13517K, committed 14016K, reserved 1048576K
GC Heap History (20 events):
Event: 118.539 GC heap before
{Heap before GC invocations=66 (full 0):
 garbage-first heap   total 266240K, used 162703K [0x0000000700000000, 0x0000000800000000)
  region size 2048K, 6 young (12288K), 2 survivors (4096K)
 Metaspace       used 85732K, committed 86656K, reserved 1179648K
  class space    used 11896K, committed 12352K, reserved 1048576K
}
Event: 118.550 GC heap after
{Heap after GC invocations=67 (full 0):
 garbage-first heap   total 266240K, used 155010K [0x0000000700000000, 0x0000000800000000)
  region size 2048K, 1 young (2048K), 1 survivors (2048K)
 Metaspace       used 85732K, committed 86656K, reserved 1179648K
  class space    used 11896K, committed 12352K, reserved 1048576K
}
Event: 120.330 GC heap before
{Heap before GC invocations=67 (full 0):
 garbage-first heap   total 266240K, used 210306K [0x0000000700000000, 0x0000000800000000)
  region size 2048K, 28 young (57344K), 1 survivors (2048K)
 Metaspace       used 89580K, committed 90496K, reserved 1179648K
  class space    used 12600K, committed 13056K, reserved 1048576K
}
Event: 120.336 GC heap after
{Heap after GC invocations=68 (full 0):
 garbage-first heap   total 266240K, used 155809K [0x0000000700000000, 0x0000000800000000)
  region size 2048K, 1 young (2048K), 1 survivors (2048K)
 Metaspace       used 89580K, committed 90496K, reserved 1179648K
  class space    used 12600K, committed 13056K, reserved 1048576K
}
Event: 122.576 GC heap before
{Heap before GC invocations=68 (full 0):
 garbage-first heap   total 266240K, used 211105K [0x0000000700000000, 0x0000000800000000)
  region size 2048K, 29 young (59392K), 1 survivors (2048K)
 Metaspace       used 92529K, committed 93504K, reserved 1179648K
  class space    used 12971K, committed 13440K, reserved 1048576K
}
Event: 122.585 GC heap after
{Heap after GC invocations=69 (full 0):
 garbage-first heap   total 266240K, used 158577K [0x0000000700000000, 0x0000000800000000)
  region size 2048K, 3 young (6144K), 3 survivors (6144K)
 Metaspace       used 92529K, committed 93504K, reserved 1179648K
  class space    used 12971K, committed 13440K, reserved 1048576K
}
Event: 124.481 GC heap before
{Heap before GC invocations=69 (full 0):
 garbage-first heap   total 266240K, used 215921K [0x0000000700000000, 0x0000000800000000)
  region size 2048K, 31 young (63488K), 3 survivors (6144K)
 Metaspace       used 94260K, committed 95296K, reserved 1179648K
  class space    used 13220K, committed 13696K, reserved 1048576K
}
Event: 124.497 GC heap after
{Heap after GC invocations=70 (full 0):
 garbage-first heap   total 266240K, used 164706K [0x0000000700000000, 0x0000000800000000)
  region size 2048K, 4 young (8192K), 4 survivors (8192K)
 Metaspace       used 94260K, committed 95296K, reserved 1179648K
  class space    used 13220K, committed 13696K, reserved 1048576K
}
Event: 125.352 GC heap before
{Heap before GC invocations=70 (full 0):
 garbage-first heap   total 266240K, used 217954K [0x0000000700000000, 0x0000000800000000)
  region size 2048K, 31 young (63488K), 4 survivors (8192K)
 Metaspace       used 94261K, committed 95296K, reserved 1179648K
  class space    used 13220K, committed 13696K, reserved 1048576K
}
Event: 125.368 GC heap after
{Heap after GC invocations=71 (full 0):
 garbage-first heap   total 266240K, used 167956K [0x0000000700000000, 0x0000000800000000)
  region size 2048K, 2 young (4096K), 2 survivors (4096K)
 Metaspace       used 94261K, committed 95296K, reserved 1179648K
  class space    used 13220K, committed 13696K, reserved 1048576K
}
Event: 126.321 GC heap before
{Heap before GC invocations=71 (full 0):
 garbage-first heap   total 266240K, used 219156K [0x0000000700000000, 0x0000000800000000)
  region size 2048K, 28 young (57344K), 2 survivors (4096K)
 Metaspace       used 94733K, committed 95744K, reserved 1179648K
  class space    used 13284K, committed 13760K, reserved 1048576K
}
Event: 126.334 GC heap after
{Heap after GC invocations=72 (full 0):
 garbage-first heap   total 319488K, used 174381K [0x0000000700000000, 0x0000000800000000)
  region size 2048K, 4 young (8192K), 4 survivors (8192K)
 Metaspace       used 94733K, committed 95744K, reserved 1179648K
  class space    used 13284K, committed 13760K, reserved 1048576K
}
Event: 128.486 GC heap before
{Heap before GC invocations=73 (full 0):
 garbage-first heap   total 319488K, used 254253K [0x0000000700000000, 0x0000000800000000)
  region size 2048K, 44 young (90112K), 4 survivors (8192K)
 Metaspace       used 95542K, committed 96576K, reserved 1179648K
  class space    used 13449K, committed 13952K, reserved 1048576K
}
Event: 128.500 GC heap after
{Heap after GC invocations=74 (full 0):
 garbage-first heap   total 319488K, used 179210K [0x0000000700000000, 0x0000000800000000)
  region size 2048K, 4 young (8192K), 4 survivors (8192K)
 Metaspace       used 95542K, committed 96576K, reserved 1179648K
  class space    used 13449K, committed 13952K, reserved 1048576K
}
Event: 128.829 GC heap before
{Heap before GC invocations=74 (full 0):
 garbage-first heap   total 319488K, used 183306K [0x0000000700000000, 0x0000000800000000)
  region size 2048K, 7 young (14336K), 4 survivors (8192K)
 Metaspace       used 95542K, committed 96576K, reserved 1179648K
  class space    used 13449K, committed 13952K, reserved 1048576K
}
Event: 128.844 GC heap after
{Heap after GC invocations=75 (full 0):
 garbage-first heap   total 319488K, used 178203K [0x0000000700000000, 0x0000000800000000)
  region size 2048K, 1 young (2048K), 1 survivors (2048K)
 Metaspace       used 95542K, committed 96576K, reserved 1179648K
  class space    used 13449K, committed 13952K, reserved 1048576K
}
Event: 134.508 GC heap before
{Heap before GC invocations=75 (full 0):
 garbage-first heap   total 319488K, used 256027K [0x0000000700000000, 0x0000000800000000)
  region size 2048K, 40 young (81920K), 1 survivors (2048K)
 Metaspace       used 96079K, committed 97216K, reserved 1179648K
  class space    used 13505K, committed 14016K, reserved 1048576K
}
Event: 134.522 GC heap after
{Heap after GC invocations=76 (full 0):
 garbage-first heap   total 319488K, used 184072K [0x0000000700000000, 0x0000000800000000)
  region size 2048K, 4 young (8192K), 4 survivors (8192K)
 Metaspace       used 96079K, committed 97216K, reserved 1179648K
  class space    used 13505K, committed 14016K, reserved 1048576K
}
Event: 137.938 GC heap before
{Heap before GC invocations=76 (full 0):
 garbage-first heap   total 319488K, used 259848K [0x0000000700000000, 0x0000000800000000)
  region size 2048K, 41 young (83968K), 4 survivors (8192K)
 Metaspace       used 96080K, committed 97216K, reserved 1179648K
  class space    used 13505K, committed 14016K, reserved 1048576K
}
Event: 137.952 GC heap after
{Heap after GC invocations=77 (full 0):
 garbage-first heap   total 319488K, used 185641K [0x0000000700000000, 0x0000000800000000)
  region size 2048K, 2 young (4096K), 2 survivors (4096K)
 Metaspace       used 96080K, committed 97216K, reserved 1179648K
  class space    used 13505K, committed 14016K, reserved 1048576K
}

