# JRE version: Java(TM) SE Runtime Environment (17.0.12+8) (build 17.0.12+8-LTS-286)
# Java VM: Java HotSpot(TM) 64-Bit Server VM (17.0.12+8-LTS-286, mixed mode, sharing, tiered, compressed oops, compressed class ptrs, g1 gc, windows-amd64)
GC Precious Log:
 CPUs: 4 total, 4 available
 Memory: 8071M
 Large Page Support: Disabled
 NUMA Support: Disabled
 Compressed Oops: Enabled (Zero based)
 Heap Region Size: 2M
 Heap Min Capacity: 8M
 Heap Initial Capacity: 128M
 Heap Max Capacity: 4G
 Pre-touch: Disabled
 Parallel Workers: 4
 Concurrent Workers: 1
 Concurrent Refinement Workers: 4
 Periodic GC: Disabled
Heap:
 garbage-first heap   total 96256K, used 43198K [0x0000000700000000, 0x0000000800000000)
  region size 2048K, 8 young (16384K), 2 survivors (4096K)
 Metaspace       used 36678K, committed 37120K, reserved 1114112K
  class space    used 5113K, committed 5312K, reserved 1048576K
GC Heap History (18 events):
Event: 5.369 GC heap before
{Heap before GC invocations=0 (full 0):
 garbage-first heap   total 131072K, used 10240K [0x0000000700000000, 0x0000000800000000)
  region size 2048K, 6 young (12288K), 0 survivors (0K)
 Metaspace       used 761K, committed 896K, reserved 1114112K
  class space    used 61K, committed 128K, reserved 1048576K
}
Event: 5.466 GC heap after
{Heap after GC invocations=1 (full 0):
 garbage-first heap   total 131072K, used 1198K [0x0000000700000000, 0x0000000800000000)
  region size 2048K, 1 young (2048K), 1 survivors (2048K)
 Metaspace       used 761K, committed 896K, reserved 1114112K
  class space    used 61K, committed 128K, reserved 1048576K
}
Event: 10.476 GC heap before
{Heap before GC invocations=1 (full 0):
 garbage-first heap   total 131072K, used 19630K [0x0000000700000000, 0x0000000800000000)
  region size 2048K, 9 young (18432K), 1 survivors (2048K)
 Metaspace       used 1892K, committed 2112K, reserved 1114112K
  class space    used 192K, committed 320K, reserved 1048576K
}
Event: 10.485 GC heap after
{Heap after GC invocations=2 (full 0):
 garbage-first heap   total 131072K, used 10096K [0x0000000700000000, 0x0000000800000000)
  region size 2048K, 2 young (4096K), 2 survivors (4096K)
 Metaspace       used 1892K, committed 2112K, reserved 1114112K
  class space    used 192K, committed 320K, reserved 1048576K
}
Event: 26.776 GC heap before
{Heap before GC invocations=2 (full 0):
 garbage-first heap   total 131072K, used 83824K [0x0000000700000000, 0x0000000800000000)
  region size 2048K, 38 young (77824K), 2 survivors (4096K)
 Metaspace       used 5042K, committed 5248K, reserved 1114112K
  class space    used 654K, committed 768K, reserved 1048576K
}
Event: 26.792 GC heap after
{Heap after GC invocations=3 (full 0):
 garbage-first heap   total 131072K, used 16509K [0x0000000700000000, 0x0000000800000000)
  region size 2048K, 5 young (10240K), 5 survivors (10240K)
 Metaspace       used 5042K, committed 5248K, reserved 1114112K
  class space    used 654K, committed 768K, reserved 1048576K
}
Event: 45.647 GC heap before
{Heap before GC invocations=3 (full 0):
 garbage-first heap   total 131072K, used 82045K [0x0000000700000000, 0x0000000800000000)
  region size 2048K, 38 young (77824K), 5 survivors (10240K)
 Metaspace       used 16741K, committed 17024K, reserved 1114112K
  class space    used 2355K, committed 2496K, reserved 1048576K
}
Event: 45.680 GC heap after
{Heap after GC invocations=4 (full 0):
 garbage-first heap   total 131072K, used 21890K [0x0000000700000000, 0x0000000800000000)
  region size 2048K, 3 young (6144K), 3 survivors (6144K)
 Metaspace       used 16741K, committed 17024K, reserved 1114112K
  class space    used 2355K, committed 2496K, reserved 1048576K
}
Event: 55.637 GC heap before
{Heap before GC invocations=4 (full 0):
 garbage-first heap   total 131072K, used 58754K [0x0000000700000000, 0x0000000800000000)
  region size 2048K, 22 young (45056K), 3 survivors (6144K)
 Metaspace       used 21181K, committed 21504K, reserved 1114112K
  class space    used 3054K, committed 3200K, reserved 1048576K
}
Event: 55.653 GC heap after
{Heap after GC invocations=5 (full 0):
 garbage-first heap   total 131072K, used 24030K [0x0000000700000000, 0x0000000800000000)
  region size 2048K, 4 young (8192K), 4 survivors (8192K)
 Metaspace       used 21181K, committed 21504K, reserved 1114112K
  class space    used 3054K, committed 3200K, reserved 1048576K
}
Event: 75.809 GC heap before
{Heap before GC invocations=6 (full 0):
 garbage-first heap   total 96256K, used 71134K [0x0000000700000000, 0x0000000800000000)
  region size 2048K, 28 young (57344K), 4 survivors (8192K)
 Metaspace       used 27125K, committed 27456K, reserved 1114112K
  class space    used 3981K, committed 4160K, reserved 1048576K
}
Event: 75.824 GC heap after
{Heap after GC invocations=7 (full 0):
 garbage-first heap   total 96256K, used 26114K [0x0000000700000000, 0x0000000800000000)
  region size 2048K, 3 young (6144K), 3 survivors (6144K)
 Metaspace       used 27125K, committed 27456K, reserved 1114112K
  class space    used 3981K, committed 4160K, reserved 1048576K
}
Event: 76.348 GC heap before
{Heap before GC invocations=7 (full 0):
 garbage-first heap   total 96256K, used 28162K [0x0000000700000000, 0x0000000800000000)
  region size 2048K, 4 young (8192K), 3 survivors (6144K)
 Metaspace       used 27419K, committed 27840K, reserved 1114112K
  class space    used 4021K, committed 4224K, reserved 1048576K
}
Event: 76.360 GC heap after
{Heap after GC invocations=8 (full 0):
 garbage-first heap   total 96256K, used 26649K [0x0000000700000000, 0x0000000800000000)
  region size 2048K, 1 young (2048K), 1 survivors (2048K)
 Metaspace       used 27419K, committed 27840K, reserved 1114112K
  class space    used 4021K, committed 4224K, reserved 1048576K
}
Event: 97.294 GC heap before
{Heap before GC invocations=8 (full 0):
 garbage-first heap   total 96256K, used 71705K [0x0000000700000000, 0x0000000800000000)
  region size 2048K, 23 young (47104K), 1 survivors (2048K)
 Metaspace       used 33244K, committed 33728K, reserved 1114112K
  class space    used 4688K, committed 4928K, reserved 1048576K
}
Event: 97.305 GC heap after
{Heap after GC invocations=9 (full 0):
 garbage-first heap   total 96256K, used 30543K [0x0000000700000000, 0x0000000800000000)
  region size 2048K, 3 young (6144K), 3 survivors (6144K)
 Metaspace       used 33244K, committed 33728K, reserved 1114112K
  class space    used 4688K, committed 4928K, reserved 1048576K
}
Event: 101.818 GC heap before
{Heap before GC invocations=9 (full 0):
 garbage-first heap   total 96256K, used 65359K [0x0000000700000000, 0x0000000800000000)
  region size 2048K, 20 young (40960K), 3 survivors (6144K)
 Metaspace       used 35538K, committed 35968K, reserved 1114112K
  class space    used 4916K, committed 5120K, reserved 1048576K
}
Event: 101.836 GC heap after
{Heap after GC invocations=10 (full 0):
 garbage-first heap   total 96256K, used 32958K [0x0000000700000000, 0x0000000800000000)
  region size 2048K, 2 young (4096K), 2 survivors (4096K)
 Metaspace       used 35538K, committed 35968K, reserved 1114112K
  class space    used 4916K, committed 5120K, reserved 1048576K
}

