# JRE version: Java(TM) SE Runtime Environment (17.0.12+8) (build 17.0.12+8-LTS-286)
# Java VM: Java HotSpot(TM) 64-Bit Server VM (17.0.12+8-LTS-286, mixed mode, sharing, tiered, compressed oops, compressed class ptrs, g1 gc, windows-amd64)
GC Precious Log:
 CPUs: 4 total, 4 available
 Memory: 7872M
 Large Page Support: Disabled
 NUMA Support: Disabled
 Compressed Oops: Enabled (Zero based)
 Heap Region Size: 2M
 Heap Min Capacity: 8M
 Heap Initial Capacity: 124M
 Heap Max Capacity: 4G
 Pre-touch: Disabled
 Parallel Workers: 4
 Concurrent Workers: 1
 Concurrent Refinement Workers: 4
 Periodic GC: Disabled
Heap:
 garbage-first heap   total 428032K, used 310546K [0x0000000700000000, 0x0000000800000000)
  region size 2048K, 41 young (83968K), 8 survivors (16384K)
 Metaspace       used 110431K, committed 111936K, reserved 1179648K
  class space    used 15403K, committed 16064K, reserved 1048576K
GC Heap History (20 events):
Event: 55.551 GC heap before
{Heap before GC invocations=65 (full 0):
 garbage-first heap   total 239616K, used 197848K [0x0000000700000000, 0x0000000800000000)
  region size 2048K, 10 young (20480K), 1 survivors (2048K)
 Metaspace       used 98370K, committed 99520K, reserved 1179648K
  class space    used 13833K, committed 14336K, reserved 1048576K
}
Event: 55.555 GC heap after
{Heap after GC invocations=66 (full 0):
 garbage-first heap   total 239616K, used 181809K [0x0000000700000000, 0x0000000800000000)
  region size 2048K, 1 young (2048K), 1 survivors (2048K)
 Metaspace       used 98370K, committed 99520K, reserved 1179648K
  class space    used 13833K, committed 14336K, reserved 1048576K
}
Event: 55.808 GC heap before
{Heap before GC invocations=66 (full 0):
 garbage-first heap   total 239616K, used 202289K [0x0000000700000000, 0x0000000800000000)
  region size 2048K, 11 young (22528K), 1 survivors (2048K)
 Metaspace       used 98508K, committed 99584K, reserved 1179648K
  class space    used 13840K, committed 14336K, reserved 1048576K
}
Event: 55.810 GC heap after
{Heap after GC invocations=67 (full 0):
 garbage-first heap   total 239616K, used 181883K [0x0000000700000000, 0x0000000800000000)
  region size 2048K, 1 young (2048K), 1 survivors (2048K)
 Metaspace       used 98508K, committed 99584K, reserved 1179648K
  class space    used 13840K, committed 14336K, reserved 1048576K
}
Event: 56.352 GC heap before
{Heap before GC invocations=67 (full 0):
 garbage-first heap   total 239616K, used 202363K [0x0000000700000000, 0x0000000800000000)
  region size 2048K, 11 young (22528K), 1 survivors (2048K)
 Metaspace       used 98760K, committed 99840K, reserved 1179648K
  class space    used 13873K, committed 14336K, reserved 1048576K
}
Event: 56.361 GC heap after
{Heap after GC invocations=68 (full 0):
 garbage-first heap   total 239616K, used 184495K [0x0000000700000000, 0x0000000800000000)
  region size 2048K, 2 young (4096K), 2 survivors (4096K)
 Metaspace       used 98760K, committed 99840K, reserved 1179648K
  class space    used 13873K, committed 14336K, reserved 1048576K
}
Event: 56.880 GC heap before
{Heap before GC invocations=69 (full 0):
 garbage-first heap   total 317440K, used 198831K [0x0000000700000000, 0x0000000800000000)
  region size 2048K, 9 young (18432K), 2 survivors (4096K)
 Metaspace       used 98890K, committed 100032K, reserved 1179648K
  class space    used 13880K, committed 14400K, reserved 1048576K
}
Event: 56.888 GC heap after
{Heap after GC invocations=70 (full 0):
 garbage-first heap   total 317440K, used 187461K [0x0000000700000000, 0x0000000800000000)
  region size 2048K, 2 young (4096K), 2 survivors (4096K)
 Metaspace       used 98890K, committed 100032K, reserved 1179648K
  class space    used 13880K, committed 14400K, reserved 1048576K
}
Event: 56.925 GC heap before
{Heap before GC invocations=70 (full 0):
 garbage-first heap   total 317440K, used 197701K [0x0000000700000000, 0x0000000800000000)
  region size 2048K, 7 young (14336K), 2 survivors (4096K)
 Metaspace       used 98894K, committed 100032K, reserved 1179648K
  class space    used 13880K, committed 14400K, reserved 1048576K
}
Event: 56.929 GC heap after
{Heap after GC invocations=71 (full 0):
 garbage-first heap   total 428032K, used 186777K [0x0000000700000000, 0x0000000800000000)
  region size 2048K, 1 young (2048K), 1 survivors (2048K)
 Metaspace       used 98894K, committed 100032K, reserved 1179648K
  class space    used 13880K, committed 14400K, reserved 1048576K
}
Event: 58.916 GC heap before
{Heap before GC invocations=71 (full 0):
 garbage-first heap   total 428032K, used 313753K [0x0000000700000000, 0x0000000800000000)
  region size 2048K, 64 young (131072K), 1 survivors (2048K)
 Metaspace       used 99558K, committed 100736K, reserved 1179648K
  class space    used 13951K, committed 14464K, reserved 1048576K
}
Event: 58.930 GC heap after
{Heap after GC invocations=72 (full 0):
 garbage-first heap   total 428032K, used 196226K [0x0000000700000000, 0x0000000800000000)
  region size 2048K, 5 young (10240K), 5 survivors (10240K)
 Metaspace       used 99558K, committed 100736K, reserved 1179648K
  class space    used 13951K, committed 14464K, reserved 1048576K
}
Event: 61.113 GC heap before
{Heap before GC invocations=72 (full 0):
 garbage-first heap   total 428032K, used 339586K [0x0000000700000000, 0x0000000800000000)
  region size 2048K, 74 young (151552K), 5 survivors (10240K)
 Metaspace       used 100139K, committed 101312K, reserved 1179648K
  class space    used 14020K, committed 14528K, reserved 1048576K
}
Event: 61.129 GC heap after
{Heap after GC invocations=73 (full 0):
 garbage-first heap   total 428032K, used 206026K [0x0000000700000000, 0x0000000800000000)
  region size 2048K, 9 young (18432K), 9 survivors (18432K)
 Metaspace       used 100139K, committed 101312K, reserved 1179648K
  class space    used 14020K, committed 14528K, reserved 1048576K
}
Event: 63.360 GC heap before
{Heap before GC invocations=73 (full 0):
 garbage-first heap   total 428032K, used 337098K [0x0000000700000000, 0x0000000800000000)
  region size 2048K, 74 young (151552K), 9 survivors (18432K)
 Metaspace       used 101123K, committed 102528K, reserved 1179648K
  class space    used 14163K, committed 14784K, reserved 1048576K
}
Event: 63.380 GC heap after
{Heap after GC invocations=74 (full 0):
 garbage-first heap   total 428032K, used 215379K [0x0000000700000000, 0x0000000800000000)
  region size 2048K, 9 young (18432K), 9 survivors (18432K)
 Metaspace       used 101123K, committed 102528K, reserved 1179648K
  class space    used 14163K, committed 14784K, reserved 1048576K
}
Event: 66.880 GC heap before
{Heap before GC invocations=74 (full 0):
 garbage-first heap   total 428032K, used 344403K [0x0000000700000000, 0x0000000800000000)
  region size 2048K, 72 young (147456K), 9 survivors (18432K)
 Metaspace       used 107840K, committed 109248K, reserved 1179648K
  class space    used 15056K, committed 15680K, reserved 1048576K
}
Event: 66.911 GC heap after
{Heap after GC invocations=75 (full 0):
 garbage-first heap   total 428032K, used 229907K [0x0000000700000000, 0x0000000800000000)
  region size 2048K, 8 young (16384K), 8 survivors (16384K)
 Metaspace       used 107840K, committed 109248K, reserved 1179648K
  class space    used 15056K, committed 15680K, reserved 1048576K
}
Event: 69.373 GC heap before
{Heap before GC invocations=75 (full 0):
 garbage-first heap   total 428032K, used 342547K [0x0000000700000000, 0x0000000800000000)
  region size 2048K, 64 young (131072K), 8 survivors (16384K)
 Metaspace       used 110030K, committed 111552K, reserved 1179648K
  class space    used 15346K, committed 16000K, reserved 1048576K
}
Event: 69.409 GC heap after
{Heap after GC invocations=76 (full 0):
 garbage-first heap   total 428032K, used 247058K [0x0000000700000000, 0x0000000800000000)
  region size 2048K, 8 young (16384K), 8 survivors (16384K)
 Metaspace       used 110030K, committed 111552K, reserved 1179648K
  class space    used 15346K, committed 16000K, reserved 1048576K
}

