# JRE version: Java(TM) SE Runtime Environment (17.0.12+8) (build 17.0.12+8-LTS-286)
# Java VM: Java HotSpot(TM) 64-Bit Server VM (17.0.12+8-LTS-286, mixed mode, sharing, tiered, compressed oops, compressed class ptrs, g1 gc, windows-amd64)
GC Precious Log:
 CPUs: 4 total, 4 available
 Memory: 8071M
 Large Page Support: Disabled
 NUMA Support: Disabled
 Compressed Oops: Enabled (32-bit)
 Heap Region Size: 1M
 Heap Min Capacity: 8M
 Heap Initial Capacity: 128M
 Heap Max Capacity: 2G
 Pre-touch: Disabled
 Parallel Workers: 4
 Concurrent Workers: 1
 Concurrent Refinement Workers: 4
 Periodic GC: Disabled
Heap:
 garbage-first heap   total 396288K, used 170514K [0x0000000080000000, 0x0000000100000000)
  region size 1024K, 3 young (3072K), 3 survivors (3072K)
 Metaspace       used 151148K, committed 151872K, reserved 622592K
  class space    used 18515K, committed 18880K, reserved 425984K
GC Heap History (20 events):
Event: 253.340 GC heap after
{Heap after GC invocations=195 (full 0):
 garbage-first heap   total 262144K, used 187790K [0x0000000080000000, 0x0000000100000000)
  region size 1024K, 1 young (1024K), 1 survivors (1024K)
 Metaspace       used 149176K, committed 149952K, reserved 622592K
  class space    used 18330K, committed 18688K, reserved 425984K
}
Event: 254.080 GC heap before
{Heap before GC invocations=195 (full 0):
 garbage-first heap   total 262144K, used 221582K [0x0000000080000000, 0x0000000100000000)
  region size 1024K, 35 young (35840K), 1 survivors (1024K)
 Metaspace       used 149212K, committed 149952K, reserved 622592K
  class space    used 18330K, committed 18688K, reserved 425984K
}
Event: 254.083 GC heap after
{Heap after GC invocations=196 (full 0):
 garbage-first heap   total 262144K, used 188280K [0x0000000080000000, 0x0000000100000000)
  region size 1024K, 2 young (2048K), 2 survivors (2048K)
 Metaspace       used 149212K, committed 149952K, reserved 622592K
  class space    used 18330K, committed 18688K, reserved 425984K
}
Event: 254.352 GC heap before
{Heap before GC invocations=196 (full 0):
 garbage-first heap   total 262144K, used 223096K [0x0000000080000000, 0x0000000100000000)
  region size 1024K, 38 young (38912K), 2 survivors (2048K)
 Metaspace       used 149221K, committed 149952K, reserved 622592K
  class space    used 18330K, committed 18688K, reserved 425984K
}
Event: 254.358 GC heap after
{Heap after GC invocations=197 (full 0):
 garbage-first heap   total 262144K, used 188830K [0x0000000080000000, 0x0000000100000000)
  region size 1024K, 2 young (2048K), 2 survivors (2048K)
 Metaspace       used 149221K, committed 149952K, reserved 622592K
  class space    used 18330K, committed 18688K, reserved 425984K
}
Event: 254.506 GC heap before
{Heap before GC invocations=197 (full 0):
 garbage-first heap   total 262144K, used 204190K [0x0000000080000000, 0x0000000100000000)
  region size 1024K, 19 young (19456K), 2 survivors (2048K)
 Metaspace       used 149221K, committed 149952K, reserved 622592K
  class space    used 18330K, committed 18688K, reserved 425984K
}
Event: 254.511 GC heap after
{Heap after GC invocations=198 (full 0):
 garbage-first heap   total 315392K, used 188992K [0x0000000080000000, 0x0000000100000000)
  region size 1024K, 3 young (3072K), 3 survivors (3072K)
 Metaspace       used 149221K, committed 149952K, reserved 622592K
  class space    used 18330K, committed 18688K, reserved 425984K
}
Event: 256.110 GC heap before
{Heap before GC invocations=198 (full 0):
 garbage-first heap   total 315392K, used 269888K [0x0000000080000000, 0x0000000100000000)
  region size 1024K, 81 young (82944K), 3 survivors (3072K)
 Metaspace       used 149666K, committed 150400K, reserved 622592K
  class space    used 18379K, committed 18752K, reserved 425984K
}
Event: 256.118 GC heap after
{Heap after GC invocations=199 (full 0):
 garbage-first heap   total 315392K, used 190518K [0x0000000080000000, 0x0000000100000000)
  region size 1024K, 4 young (4096K), 4 survivors (4096K)
 Metaspace       used 149666K, committed 150400K, reserved 622592K
  class space    used 18379K, committed 18752K, reserved 425984K
}
Event: 257.026 GC heap before
{Heap before GC invocations=199 (full 0):
 garbage-first heap   total 315392K, used 269366K [0x0000000080000000, 0x0000000100000000)
  region size 1024K, 82 young (83968K), 4 survivors (4096K)
 Metaspace       used 150138K, committed 150912K, reserved 622592K
  class space    used 18422K, committed 18816K, reserved 425984K
}
Event: 257.035 GC heap after
{Heap after GC invocations=200 (full 0):
 garbage-first heap   total 315392K, used 190878K [0x0000000080000000, 0x0000000100000000)
  region size 1024K, 4 young (4096K), 4 survivors (4096K)
 Metaspace       used 150138K, committed 150912K, reserved 622592K
  class space    used 18422K, committed 18816K, reserved 425984K
}
Event: 257.313 GC heap before
{Heap before GC invocations=200 (full 0):
 garbage-first heap   total 315392K, used 227742K [0x0000000080000000, 0x0000000100000000)
  region size 1024K, 36 young (36864K), 4 survivors (4096K)
 Metaspace       used 150286K, committed 151040K, reserved 622592K
  class space    used 18441K, committed 18816K, reserved 425984K
}
Event: 257.319 GC heap after
{Heap after GC invocations=201 (full 0):
 garbage-first heap   total 315392K, used 194974K [0x0000000080000000, 0x0000000100000000)
  region size 1024K, 5 young (5120K), 5 survivors (5120K)
 Metaspace       used 150286K, committed 151040K, reserved 622592K
  class space    used 18441K, committed 18816K, reserved 425984K
}
Event: 257.323 GC heap before
{Heap before GC invocations=201 (full 0):
 garbage-first heap   total 315392K, used 197022K [0x0000000080000000, 0x0000000100000000)
  region size 1024K, 6 young (6144K), 5 survivors (5120K)
 Metaspace       used 150286K, committed 151040K, reserved 622592K
  class space    used 18441K, committed 18816K, reserved 425984K
}
Event: 257.333 GC heap after
{Heap after GC invocations=202 (full 0):
 garbage-first heap   total 315392K, used 195998K [0x0000000080000000, 0x0000000100000000)
  region size 1024K, 5 young (5120K), 5 survivors (5120K)
 Metaspace       used 150286K, committed 151040K, reserved 622592K
  class space    used 18441K, committed 18816K, reserved 425984K
}
Event: 258.318 GC heap before
{Heap before GC invocations=203 (full 0):
 garbage-first heap   total 396288K, used 260510K [0x0000000080000000, 0x0000000100000000)
  region size 1024K, 76 young (77824K), 5 survivors (5120K)
 Metaspace       used 150580K, committed 151360K, reserved 622592K
  class space    used 18488K, committed 18880K, reserved 425984K
}
Event: 258.337 GC heap after
{Heap after GC invocations=204 (full 0):
 garbage-first heap   total 396288K, used 185196K [0x0000000080000000, 0x0000000100000000)
  region size 1024K, 7 young (7168K), 7 survivors (7168K)
 Metaspace       used 150580K, committed 151360K, reserved 622592K
  class space    used 18488K, committed 18880K, reserved 425984K
}
Event: 258.391 GC heap before
{Heap before GC invocations=204 (full 0):
 garbage-first heap   total 396288K, used 196460K [0x0000000080000000, 0x0000000100000000)
  region size 1024K, 19 young (19456K), 7 survivors (7168K)
 Metaspace       used 150647K, committed 151424K, reserved 622592K
  class space    used 18490K, committed 18880K, reserved 425984K
}
Event: 258.407 GC heap after
{Heap after GC invocations=205 (full 0):
 garbage-first heap   total 396288K, used 169327K [0x0000000080000000, 0x0000000100000000)
  region size 1024K, 1 young (1024K), 1 survivors (1024K)
 Metaspace       used 150647K, committed 151424K, reserved 622592K
  class space    used 18490K, committed 18880K, reserved 425984K
}
Event: 261.398 GC heap before
{Heap before GC invocations=205 (full 0):
 garbage-first heap   total 396288K, used 339311K [0x0000000080000000, 0x0000000100000000)
  region size 1024K, 168 young (172032K), 1 survivors (1024K)
 Metaspace       used 151148K, committed 151872K, reserved 622592K
  class space    used 18515K, committed 18880K, reserved 425984K
}

