# JRE version: Java(TM) SE Runtime Environment (17.0.12+8) (build 17.0.12+8-LTS-286)
# Java VM: Java HotSpot(TM) 64-Bit Server VM (17.0.12+8-LTS-286, mixed mode, sharing, tiered, compressed oops, compressed class ptrs, g1 gc, windows-amd64)
GC Precious Log:
 CPUs: 4 total, 4 available
 Memory: 8071M
 Large Page Support: Disabled
 NUMA Support: Disabled
 Compressed Oops: Enabled (Zero based)
 Heap Region Size: 2M
 Heap Min Capacity: 8M
 Heap Initial Capacity: 128M
 Heap Max Capacity: 4G
 Pre-touch: Disabled
 Parallel Workers: 4
 Concurrent Workers: 1
 Concurrent Refinement Workers: 4
 Periodic GC: Disabled
Heap:
 garbage-first heap   total 538624K, used 455442K [0x0000000700000000, 0x0000000800000000)
  region size 2048K, 50 young (102400K), 5 survivors (10240K)
 Metaspace       used 113844K, committed 115968K, reserved 1179648K
  class space    used 15665K, committed 16576K, reserved 1048576K
GC Heap History (20 events):
Event: 284.504 GC heap before
{Heap before GC invocations=100 (full 0):
 garbage-first heap   total 405504K, used 342335K [0x0000000700000000, 0x0000000800000000)
  region size 2048K, 33 young (67584K), 5 survivors (10240K)
 Metaspace       used 99813K, committed 101376K, reserved 1179648K
  class space    used 13981K, committed 14656K, reserved 1048576K
}
Event: 284.527 GC heap after
{Heap after GC invocations=101 (full 0):
 garbage-first heap   total 405504K, used 291163K [0x0000000700000000, 0x0000000800000000)
  region size 2048K, 4 young (8192K), 4 survivors (8192K)
 Metaspace       used 99813K, committed 101376K, reserved 1179648K
  class space    used 13981K, committed 14656K, reserved 1048576K
}
Event: 285.189 GC heap before
{Heap before GC invocations=101 (full 0):
 garbage-first heap   total 405504K, used 342363K [0x0000000700000000, 0x0000000800000000)
  region size 2048K, 30 young (61440K), 4 survivors (8192K)
 Metaspace       used 99813K, committed 101376K, reserved 1179648K
  class space    used 13981K, committed 14656K, reserved 1048576K
}
Event: 285.200 GC heap after
{Heap after GC invocations=102 (full 0):
 garbage-first heap   total 538624K, used 292030K [0x0000000700000000, 0x0000000800000000)
  region size 2048K, 2 young (4096K), 2 survivors (4096K)
 Metaspace       used 99813K, committed 101376K, reserved 1179648K
  class space    used 13981K, committed 14656K, reserved 1048576K
}
Event: 290.801 GC heap before
{Heap before GC invocations=102 (full 0):
 garbage-first heap   total 538624K, used 459966K [0x0000000700000000, 0x0000000800000000)
  region size 2048K, 85 young (174080K), 2 survivors (4096K)
 Metaspace       used 101535K, committed 103104K, reserved 1179648K
  class space    used 14230K, committed 14912K, reserved 1048576K
}
Event: 290.825 GC heap after
{Heap after GC invocations=103 (full 0):
 garbage-first heap   total 538624K, used 301752K [0x0000000700000000, 0x0000000800000000)
  region size 2048K, 7 young (14336K), 7 survivors (14336K)
 Metaspace       used 101535K, committed 103104K, reserved 1179648K
  class space    used 14230K, committed 14912K, reserved 1048576K
}
Event: 296.784 GC heap before
{Heap before GC invocations=103 (full 0):
 garbage-first heap   total 538624K, used 447160K [0x0000000700000000, 0x0000000800000000)
  region size 2048K, 79 young (161792K), 7 survivors (14336K)
 Metaspace       used 108510K, committed 110400K, reserved 1179648K
  class space    used 15149K, committed 15936K, reserved 1048576K
}
Event: 296.879 GC heap after
{Heap after GC invocations=104 (full 0):
 garbage-first heap   total 538624K, used 323183K [0x0000000700000000, 0x0000000800000000)
  region size 2048K, 10 young (20480K), 10 survivors (20480K)
 Metaspace       used 108510K, committed 110400K, reserved 1179648K
  class space    used 15149K, committed 15936K, reserved 1048576K
}
Event: 301.381 GC heap before
{Heap before GC invocations=104 (full 0):
 garbage-first heap   total 538624K, used 450159K [0x0000000700000000, 0x0000000800000000)
  region size 2048K, 71 young (145408K), 10 survivors (20480K)
 Metaspace       used 111446K, committed 113472K, reserved 1179648K
  class space    used 15482K, committed 16384K, reserved 1048576K
}
Event: 301.535 GC heap after
{Heap after GC invocations=105 (full 0):
 garbage-first heap   total 538624K, used 342535K [0x0000000700000000, 0x0000000800000000)
  region size 2048K, 9 young (18432K), 9 survivors (18432K)
 Metaspace       used 111446K, committed 113472K, reserved 1179648K
  class space    used 15482K, committed 16384K, reserved 1048576K
}
Event: 328.166 GC heap before
{Heap before GC invocations=105 (full 0):
 garbage-first heap   total 538624K, used 444935K [0x0000000700000000, 0x0000000800000000)
  region size 2048K, 60 young (122880K), 9 survivors (18432K)
 Metaspace       used 112489K, committed 114624K, reserved 1179648K
  class space    used 15543K, committed 16448K, reserved 1048576K
}
Event: 328.233 GC heap after
{Heap after GC invocations=106 (full 0):
 garbage-first heap   total 538624K, used 347881K [0x0000000700000000, 0x0000000800000000)
  region size 2048K, 4 young (8192K), 4 survivors (8192K)
 Metaspace       used 112489K, committed 114624K, reserved 1179648K
  class space    used 15543K, committed 16448K, reserved 1048576K
}
Event: 336.484 GC heap before
{Heap before GC invocations=106 (full 0):
 garbage-first heap   total 538624K, used 448233K [0x0000000700000000, 0x0000000800000000)
  region size 2048K, 54 young (110592K), 4 survivors (8192K)
 Metaspace       used 112602K, committed 114688K, reserved 1179648K
  class space    used 15547K, committed 16448K, reserved 1048576K
}
Event: 336.509 GC heap after
{Heap after GC invocations=107 (full 0):
 garbage-first heap   total 538624K, used 353583K [0x0000000700000000, 0x0000000800000000)
  region size 2048K, 7 young (14336K), 7 survivors (14336K)
 Metaspace       used 112602K, committed 114688K, reserved 1179648K
  class space    used 15547K, committed 16448K, reserved 1048576K
}
Event: 338.800 GC heap before
{Heap before GC invocations=107 (full 0):
 garbage-first heap   total 538624K, used 453935K [0x0000000700000000, 0x0000000800000000)
  region size 2048K, 56 young (114688K), 7 survivors (14336K)
 Metaspace       used 112700K, committed 114752K, reserved 1179648K
  class space    used 15556K, committed 16448K, reserved 1048576K
}
Event: 338.830 GC heap after
{Heap after GC invocations=108 (full 0):
 garbage-first heap   total 538624K, used 360360K [0x0000000700000000, 0x0000000800000000)
  region size 2048K, 7 young (14336K), 7 survivors (14336K)
 Metaspace       used 112700K, committed 114752K, reserved 1179648K
  class space    used 15556K, committed 16448K, reserved 1048576K
}
Event: 342.964 GC heap before
{Heap before GC invocations=108 (full 0):
 garbage-first heap   total 538624K, used 454568K [0x0000000700000000, 0x0000000800000000)
  region size 2048K, 54 young (110592K), 7 survivors (14336K)
 Metaspace       used 112819K, committed 114880K, reserved 1179648K
  class space    used 15560K, committed 16448K, reserved 1048576K
}
Event: 342.993 GC heap after
{Heap after GC invocations=109 (full 0):
 garbage-first heap   total 538624K, used 366009K [0x0000000700000000, 0x0000000800000000)
  region size 2048K, 4 young (8192K), 4 survivors (8192K)
 Metaspace       used 112819K, committed 114880K, reserved 1179648K
  class space    used 15560K, committed 16448K, reserved 1048576K
}
Event: 347.699 GC heap before
{Heap before GC invocations=109 (full 0):
 garbage-first heap   total 538624K, used 456121K [0x0000000700000000, 0x0000000800000000)
  region size 2048K, 49 young (100352K), 4 survivors (8192K)
 Metaspace       used 113561K, committed 115648K, reserved 1179648K
  class space    used 15640K, committed 16576K, reserved 1048576K
}
Event: 347.717 GC heap after
{Heap after GC invocations=110 (full 0):
 garbage-first heap   total 538624K, used 367378K [0x0000000700000000, 0x0000000800000000)
  region size 2048K, 5 young (10240K), 5 survivors (10240K)
 Metaspace       used 113561K, committed 115648K, reserved 1179648K
  class space    used 15640K, committed 16576K, reserved 1048576K
}

