# JRE version: Java(TM) SE Runtime Environment (17.0.12+8) (build 17.0.12+8-LTS-286)
# Java VM: Java HotSpot(TM) 64-Bit Server VM (17.0.12+8-LTS-286, mixed mode, sharing, tiered, compressed oops, compressed class ptrs, g1 gc, windows-amd64)
GC Precious Log:
 CPUs: 4 total, 4 available
 Memory: 8071M
 Large Page Support: Disabled
 NUMA Support: Disabled
 Compressed Oops: Enabled (Zero based)
 Heap Region Size: 2M
 Heap Min Capacity: 8M
 Heap Initial Capacity: 128M
 Heap Max Capacity: 4G
 Pre-touch: Disabled
 Parallel Workers: 4
 Concurrent Workers: 1
 Concurrent Refinement Workers: 4
 Periodic GC: Disabled
Heap:
 garbage-first heap   total 522240K, used 350008K [0x0000000700000000, 0x0000000800000000)
  region size 2048K, 16 young (32768K), 6 survivors (12288K)
 Metaspace       used 103183K, committed 104896K, reserved 1179648K
  class space    used 14309K, committed 15040K, reserved 1048576K
GC Heap History (20 events):
Event: 160.446 GC heap before
{Heap before GC invocations=73 (full 0):
 garbage-first heap   total 434176K, used 354130K [0x0000000700000000, 0x0000000800000000)
  region size 2048K, 47 young (96256K), 3 survivors (6144K)
 Metaspace       used 98712K, committed 100096K, reserved 1179648K
  class space    used 13827K, committed 14464K, reserved 1048576K
}
Event: 160.461 GC heap after
{Heap after GC invocations=74 (full 0):
 garbage-first heap   total 434176K, used 268877K [0x0000000700000000, 0x0000000800000000)
  region size 2048K, 4 young (8192K), 4 survivors (8192K)
 Metaspace       used 98712K, committed 100096K, reserved 1179648K
  class space    used 13827K, committed 14464K, reserved 1048576K
}
Event: 162.149 GC heap before
{Heap before GC invocations=74 (full 0):
 garbage-first heap   total 434176K, used 356941K [0x0000000700000000, 0x0000000800000000)
  region size 2048K, 48 young (98304K), 4 survivors (8192K)
 Metaspace       used 99146K, committed 100608K, reserved 1179648K
  class space    used 13888K, committed 14592K, reserved 1048576K
}
Event: 162.171 GC heap after
{Heap after GC invocations=75 (full 0):
 garbage-first heap   total 434176K, used 275483K [0x0000000700000000, 0x0000000800000000)
  region size 2048K, 6 young (12288K), 6 survivors (12288K)
 Metaspace       used 99146K, committed 100608K, reserved 1179648K
  class space    used 13888K, committed 14592K, reserved 1048576K
}
Event: 163.376 GC heap before
{Heap before GC invocations=75 (full 0):
 garbage-first heap   total 434176K, used 359451K [0x0000000700000000, 0x0000000800000000)
  region size 2048K, 48 young (98304K), 6 survivors (12288K)
 Metaspace       used 99351K, committed 100864K, reserved 1179648K
  class space    used 13914K, committed 14592K, reserved 1048576K
}
Event: 163.400 GC heap after
{Heap after GC invocations=76 (full 0):
 garbage-first heap   total 434176K, used 280390K [0x0000000700000000, 0x0000000800000000)
  region size 2048K, 4 young (8192K), 4 survivors (8192K)
 Metaspace       used 99351K, committed 100864K, reserved 1179648K
  class space    used 13914K, committed 14592K, reserved 1048576K
}
Event: 164.565 GC heap before
{Heap before GC invocations=76 (full 0):
 garbage-first heap   total 434176K, used 360262K [0x0000000700000000, 0x0000000800000000)
  region size 2048K, 44 young (90112K), 4 survivors (8192K)
 Metaspace       used 99380K, committed 100928K, reserved 1179648K
  class space    used 13918K, committed 14592K, reserved 1048576K
}
Event: 164.577 GC heap after
{Heap after GC invocations=77 (full 0):
 garbage-first heap   total 434176K, used 281379K [0x0000000700000000, 0x0000000800000000)
  region size 2048K, 4 young (8192K), 4 survivors (8192K)
 Metaspace       used 99380K, committed 100928K, reserved 1179648K
  class space    used 13918K, committed 14592K, reserved 1048576K
}
Event: 165.836 GC heap before
{Heap before GC invocations=77 (full 0):
 garbage-first heap   total 434176K, used 363299K [0x0000000700000000, 0x0000000800000000)
  region size 2048K, 45 young (92160K), 4 survivors (8192K)
 Metaspace       used 99788K, committed 101376K, reserved 1179648K
  class space    used 13984K, committed 14720K, reserved 1048576K
}
Event: 165.864 GC heap after
{Heap after GC invocations=78 (full 0):
 garbage-first heap   total 434176K, used 289368K [0x0000000700000000, 0x0000000800000000)
  region size 2048K, 6 young (12288K), 6 survivors (12288K)
 Metaspace       used 99788K, committed 101376K, reserved 1179648K
  class space    used 13984K, committed 14720K, reserved 1048576K
}
Event: 166.344 GC heap before
{Heap before GC invocations=78 (full 0):
 garbage-first heap   total 434176K, used 363096K [0x0000000700000000, 0x0000000800000000)
  region size 2048K, 43 young (88064K), 6 survivors (12288K)
 Metaspace       used 99796K, committed 101376K, reserved 1179648K
  class space    used 13984K, committed 14720K, reserved 1048576K
}
Event: 166.370 GC heap after
{Heap after GC invocations=79 (full 0):
 garbage-first heap   total 522240K, used 291330K [0x0000000700000000, 0x0000000800000000)
  region size 2048K, 2 young (4096K), 2 survivors (4096K)
 Metaspace       used 99796K, committed 101376K, reserved 1179648K
  class space    used 13984K, committed 14720K, reserved 1048576K
}
Event: 167.774 GC heap before
{Heap before GC invocations=79 (full 0):
 garbage-first heap   total 522240K, used 432642K [0x0000000700000000, 0x0000000800000000)
  region size 2048K, 72 young (147456K), 2 survivors (4096K)
 Metaspace       used 100033K, committed 101632K, reserved 1179648K
  class space    used 14018K, committed 14720K, reserved 1048576K
}
Event: 167.803 GC heap after
{Heap after GC invocations=80 (full 0):
 garbage-first heap   total 522240K, used 296694K [0x0000000700000000, 0x0000000800000000)
  region size 2048K, 5 young (10240K), 5 survivors (10240K)
 Metaspace       used 100033K, committed 101632K, reserved 1179648K
  class space    used 14018K, committed 14720K, reserved 1048576K
}
Event: 344.188 GC heap before
{Heap before GC invocations=80 (full 0):
 garbage-first heap   total 522240K, used 435958K [0x0000000700000000, 0x0000000800000000)
  region size 2048K, 74 young (151552K), 5 survivors (10240K)
 Metaspace       used 102683K, committed 104384K, reserved 1179648K
  class space    used 14286K, committed 15040K, reserved 1048576K
}
Event: 344.757 GC heap after
{Heap after GC invocations=81 (full 0):
 garbage-first heap   total 522240K, used 308016K [0x0000000700000000, 0x0000000800000000)
  region size 2048K, 10 young (20480K), 10 survivors (20480K)
 Metaspace       used 102683K, committed 104384K, reserved 1179648K
  class space    used 14286K, committed 15040K, reserved 1048576K
}
Event: 361.932 GC heap before
{Heap before GC invocations=81 (full 0):
 garbage-first heap   total 522240K, used 424752K [0x0000000700000000, 0x0000000800000000)
  region size 2048K, 68 young (139264K), 10 survivors (20480K)
 Metaspace       used 102967K, committed 104576K, reserved 1179648K
  class space    used 14301K, committed 15040K, reserved 1048576K
}
Event: 362.161 GC heap after
{Heap after GC invocations=82 (full 0):
 garbage-first heap   total 522240K, used 320582K [0x0000000700000000, 0x0000000800000000)
  region size 2048K, 7 young (14336K), 7 survivors (14336K)
 Metaspace       used 102967K, committed 104576K, reserved 1179648K
  class space    used 14301K, committed 15040K, reserved 1048576K
}
Event: 376.849 GC heap before
{Heap before GC invocations=82 (full 0):
 garbage-first heap   total 522240K, used 425030K [0x0000000700000000, 0x0000000800000000)
  region size 2048K, 58 young (118784K), 7 survivors (14336K)
 Metaspace       used 103175K, committed 104896K, reserved 1179648K
  class space    used 14309K, committed 15040K, reserved 1048576K
}
Event: 377.039 GC heap after
{Heap after GC invocations=83 (full 0):
 garbage-first heap   total 522240K, used 331576K [0x0000000700000000, 0x0000000800000000)
  region size 2048K, 6 young (12288K), 6 survivors (12288K)
 Metaspace       used 103175K, committed 104896K, reserved 1179648K
  class space    used 14309K, committed 15040K, reserved 1048576K
}

