# JRE version: Java(TM) SE Runtime Environment (17.0.12+8) (build 17.0.12+8-LTS-286)
# Java VM: Java HotSpot(TM) 64-Bit Server VM (17.0.12+8-LTS-286, mixed mode, sharing, tiered, compressed oops, compressed class ptrs, g1 gc, windows-amd64)
GC Precious Log:
 CPUs: 4 total, 4 available
 Memory: 8071M
 Large Page Support: Disabled
 NUMA Support: Disabled
 Compressed Oops: Enabled (Zero based)
 Heap Region Size: 2M
 Heap Min Capacity: 8M
 Heap Initial Capacity: 128M
 Heap Max Capacity: 4G
 Pre-touch: Disabled
 Parallel Workers: 4
 Concurrent Workers: 1
 Concurrent Refinement Workers: 4
 Periodic GC: Disabled
Heap:
 garbage-first heap   total 884736K, used 394235K [0x0000000700000000, 0x0000000800000000)
  region size 2048K, 2 young (4096K), 2 survivors (4096K)
 Metaspace       used 124415K, committed 126720K, reserved 1179648K
  class space    used 16878K, committed 17920K, reserved 1048576K
GC Heap History (20 events):
Event: 410.505 GC heap after
{Heap after GC invocations=168 (full 0):
 garbage-first heap   total 550912K, used 423015K [0x0000000700000000, 0x0000000800000000)
  region size 2048K, 3 young (6144K), 3 survivors (6144K)
 Metaspace       used 122424K, committed 124608K, reserved 1179648K
  class space    used 16706K, committed 17664K, reserved 1048576K
}
Event: 439.310 GC heap before
{Heap before GC invocations=169 (full 0):
 garbage-first heap   total 716800K, used 480359K [0x0000000700000000, 0x0000000800000000)
  region size 2048K, 31 young (63488K), 3 survivors (6144K)
 Metaspace       used 123147K, committed 125312K, reserved 1179648K
  class space    used 16830K, committed 17792K, reserved 1048576K
}
Event: 439.326 GC heap after
{Heap after GC invocations=170 (full 0):
 garbage-first heap   total 716800K, used 424239K [0x0000000700000000, 0x0000000800000000)
  region size 2048K, 3 young (6144K), 3 survivors (6144K)
 Metaspace       used 123147K, committed 125312K, reserved 1179648K
  class space    used 16830K, committed 17792K, reserved 1048576K
}
Event: 827.658 GC heap before
{Heap before GC invocations=170 (full 0):
 garbage-first heap   total 716800K, used 452911K [0x0000000700000000, 0x0000000800000000)
  region size 2048K, 17 young (34816K), 3 survivors (6144K)
 Metaspace       used 123264K, committed 125440K, reserved 1179648K
  class space    used 16831K, committed 17792K, reserved 1048576K
}
Event: 827.980 GC heap after
{Heap after GC invocations=171 (full 0):
 garbage-first heap   total 716800K, used 400045K [0x0000000700000000, 0x0000000800000000)
  region size 2048K, 2 young (4096K), 2 survivors (4096K)
 Metaspace       used 123264K, committed 125440K, reserved 1179648K
  class space    used 16831K, committed 17792K, reserved 1048576K
}
Event: 2250.246 GC heap before
{Heap before GC invocations=171 (full 0):
 garbage-first heap   total 716800K, used 610989K [0x0000000700000000, 0x0000000800000000)
  region size 2048K, 105 young (215040K), 2 survivors (4096K)
 Metaspace       used 123586K, committed 125760K, reserved 1179648K
  class space    used 16844K, committed 17856K, reserved 1048576K
}
Event: 2250.404 GC heap after
{Heap after GC invocations=172 (full 0):
 garbage-first heap   total 716800K, used 414122K [0x0000000700000000, 0x0000000800000000)
  region size 2048K, 8 young (16384K), 8 survivors (16384K)
 Metaspace       used 123586K, committed 125760K, reserved 1179648K
  class space    used 16844K, committed 17856K, reserved 1048576K
}
Event: 2255.654 GC heap before
{Heap before GC invocations=172 (full 0):
 garbage-first heap   total 716800K, used 600490K [0x0000000700000000, 0x0000000800000000)
  region size 2048K, 99 young (202752K), 8 survivors (16384K)
 Metaspace       used 123721K, committed 125952K, reserved 1179648K
  class space    used 16848K, committed 17856K, reserved 1048576K
}
Event: 2255.760 GC heap after
{Heap after GC invocations=173 (full 0):
 garbage-first heap   total 716800K, used 440527K [0x0000000700000000, 0x0000000800000000)
  region size 2048K, 13 young (26624K), 13 survivors (26624K)
 Metaspace       used 123721K, committed 125952K, reserved 1179648K
  class space    used 16848K, committed 17856K, reserved 1048576K
}
Event: 2258.941 GC heap before
{Heap before GC invocations=173 (full 0):
 garbage-first heap   total 716800K, used 596175K [0x0000000700000000, 0x0000000800000000)
  region size 2048K, 89 young (182272K), 13 survivors (26624K)
 Metaspace       used 123909K, committed 126144K, reserved 1179648K
  class space    used 16852K, committed 17856K, reserved 1048576K
}
Event: 2259.147 GC heap after
{Heap after GC invocations=174 (full 0):
 garbage-first heap   total 716800K, used 462601K [0x0000000700000000, 0x0000000800000000)
  region size 2048K, 11 young (22528K), 11 survivors (22528K)
 Metaspace       used 123909K, committed 126144K, reserved 1179648K
  class space    used 16852K, committed 17856K, reserved 1048576K
}
Event: 2267.081 GC heap before
{Heap before GC invocations=175 (full 0):
 garbage-first heap   total 884736K, used 583433K [0x0000000700000000, 0x0000000800000000)
  region size 2048K, 70 young (143360K), 11 survivors (22528K)
 Metaspace       used 124160K, committed 126400K, reserved 1179648K
  class space    used 16855K, committed 17856K, reserved 1048576K
}
Event: 2267.272 GC heap after
{Heap after GC invocations=176 (full 0):
 garbage-first heap   total 884736K, used 486153K [0x0000000700000000, 0x0000000800000000)
  region size 2048K, 9 young (18432K), 9 survivors (18432K)
 Metaspace       used 124160K, committed 126400K, reserved 1179648K
  class space    used 16855K, committed 17856K, reserved 1048576K
}
Event: 2269.560 GC heap before
{Heap before GC invocations=176 (full 0):
 garbage-first heap   total 884736K, used 510729K [0x0000000700000000, 0x0000000800000000)
  region size 2048K, 21 young (43008K), 9 survivors (18432K)
 Metaspace       used 124320K, committed 126592K, reserved 1179648K
  class space    used 16875K, committed 17856K, reserved 1048576K
}
Event: 2269.822 GC heap after
{Heap after GC invocations=177 (full 0):
 garbage-first heap   total 884736K, used 428809K [0x0000000700000000, 0x0000000800000000)
  region size 2048K, 3 young (6144K), 3 survivors (6144K)
 Metaspace       used 124320K, committed 126592K, reserved 1179648K
  class space    used 16875K, committed 17856K, reserved 1048576K
}
Event: 2271.850 GC heap before
{Heap before GC invocations=177 (full 0):
 garbage-first heap   total 884736K, used 465673K [0x0000000700000000, 0x0000000800000000)
  region size 2048K, 21 young (43008K), 3 survivors (6144K)
 Metaspace       used 124359K, committed 126592K, reserved 1179648K
  class space    used 16876K, committed 17856K, reserved 1048576K
}
Event: 2272.022 GC heap after
{Heap after GC invocations=178 (full 0):
 garbage-first heap   total 884736K, used 413449K [0x0000000700000000, 0x0000000800000000)
  region size 2048K, 3 young (6144K), 3 survivors (6144K)
 Metaspace       used 124359K, committed 126592K, reserved 1179648K
  class space    used 16876K, committed 17856K, reserved 1048576K
}
Event: 2274.131 GC heap before
{Heap before GC invocations=178 (full 0):
 garbage-first heap   total 884736K, used 450313K [0x0000000700000000, 0x0000000800000000)
  region size 2048K, 21 young (43008K), 3 survivors (6144K)
 Metaspace       used 124400K, committed 126720K, reserved 1179648K
  class space    used 16878K, committed 17920K, reserved 1048576K
}
Event: 2274.251 GC heap after
{Heap after GC invocations=179 (full 0):
 garbage-first heap   total 884736K, used 406593K [0x0000000700000000, 0x0000000800000000)
  region size 2048K, 3 young (6144K), 3 survivors (6144K)
 Metaspace       used 124400K, committed 126720K, reserved 1179648K
  class space    used 16878K, committed 17920K, reserved 1048576K
}
Event: 2275.475 GC heap before
{Heap before GC invocations=179 (full 0):
 garbage-first heap   total 884736K, used 443457K [0x0000000700000000, 0x0000000800000000)
  region size 2048K, 21 young (43008K), 3 survivors (6144K)
 Metaspace       used 124415K, committed 126720K, reserved 1179648K
  class space    used 16878K, committed 17920K, reserved 1048576K
}

